Determining if the pthread_create exist failed with the following output:
Change Dir: /home/j11218gpu/ljy_projects/paper/otsu/cmake-build-debug/CMakeFiles/CMakeTmp

Run Build Command:"/usr/bin/make" "cmTC_5f1af/fast"
/usr/bin/make -f CMakeFiles/cmTC_5f1af.dir/build.make CMakeFiles/cmTC_5f1af.dir/build
make[1]: Entering directory '/home/j11218gpu/ljy_projects/paper/otsu/cmake-build-debug/CMakeFiles/CMakeTmp'
Building C object CMakeFiles/cmTC_5f1af.dir/CheckSymbolExists.c.o
/usr/bin/cc   -fPIC    -o CMakeFiles/cmTC_5f1af.dir/CheckSymbolExists.c.o   -c /home/j11218gpu/ljy_projects/paper/otsu/cmake-build-debug/CMakeFiles/CMakeTmp/CheckSymbolExists.c
Linking C executable cmTC_5f1af
/home/j11218gpu/Downloads/clion-2018.2.2/bin/cmake/linux/bin/cmake -E cmake_link_script CMakeFiles/cmTC_5f1af.dir/link.txt --verbose=1
/usr/bin/cc -fPIC     CMakeFiles/cmTC_5f1af.dir/CheckSymbolExists.c.o  -o cmTC_5f1af 
CMakeFiles/cmTC_5f1af.dir/CheckSymbolExists.c.o: In function `main':
CheckSymbolExists.c:(.text+0x1b): undefined reference to `pthread_create'
collect2: error: ld returned 1 exit status
CMakeFiles/cmTC_5f1af.dir/build.make:86: recipe for target 'cmTC_5f1af' failed
make[1]: *** [cmTC_5f1af] Error 1
make[1]: Leaving directory '/home/j11218gpu/ljy_projects/paper/otsu/cmake-build-debug/CMakeFiles/CMakeTmp'
Makefile:121: recipe for target 'cmTC_5f1af/fast' failed
make: *** [cmTC_5f1af/fast] Error 2

File /home/j11218gpu/ljy_projects/paper/otsu/cmake-build-debug/CMakeFiles/CMakeTmp/CheckSymbolExists.c:
/* */
#include <pthread.h>

int main(int argc, char** argv)
{
  (void)argv;
#ifndef pthread_create
  return ((int*)(&pthread_create))[argc];
#else
  (void)argc;
  return 0;
#endif
}

Determining if the function pthread_create exists in the pthreads failed with the following output:
Change Dir: /home/j11218gpu/ljy_projects/paper/otsu/cmake-build-debug/CMakeFiles/CMakeTmp

Run Build Command:"/usr/bin/make" "cmTC_66617/fast"
/usr/bin/make -f CMakeFiles/cmTC_66617.dir/build.make CMakeFiles/cmTC_66617.dir/build
make[1]: Entering directory '/home/j11218gpu/ljy_projects/paper/otsu/cmake-build-debug/CMakeFiles/CMakeTmp'
Building C object CMakeFiles/cmTC_66617.dir/CheckFunctionExists.c.o
/usr/bin/cc   -fPIC -DCHECK_FUNCTION_EXISTS=pthread_create   -o CMakeFiles/cmTC_66617.dir/CheckFunctionExists.c.o   -c /home/j11218gpu/Downloads/clion-2018.2.2/bin/cmake/linux/share/cmake-3.12/Modules/CheckFunctionExists.c
Linking C executable cmTC_66617
/home/j11218gpu/Downloads/clion-2018.2.2/bin/cmake/linux/bin/cmake -E cmake_link_script CMakeFiles/cmTC_66617.dir/link.txt --verbose=1
/usr/bin/cc -fPIC -DCHECK_FUNCTION_EXISTS=pthread_create    CMakeFiles/cmTC_66617.dir/CheckFunctionExists.c.o  -o cmTC_66617 -lpthreads 
/usr/bin/ld: cannot find -lpthreads
collect2: error: ld returned 1 exit status
CMakeFiles/cmTC_66617.dir/build.make:86: recipe for target 'cmTC_66617' failed
make[1]: *** [cmTC_66617] Error 1
make[1]: Leaving directory '/home/j11218gpu/ljy_projects/paper/otsu/cmake-build-debug/CMakeFiles/CMakeTmp'
Makefile:121: recipe for target 'cmTC_66617/fast' failed
make: *** [cmTC_66617/fast] Error 2


