Determining if the pthread_create exist failed with the following output:
Change Dir: /home/j11218gpu/ljy_projects/paper/cut/cmake-build-debug/CMakeFiles/CMakeTmp

Run Build Command:"/usr/bin/make" "cmTC_25e3a/fast"
/usr/bin/make -f CMakeFiles/cmTC_25e3a.dir/build.make CMakeFiles/cmTC_25e3a.dir/build
make[1]: Entering directory '/home/j11218gpu/ljy_projects/paper/cut/cmake-build-debug/CMakeFiles/CMakeTmp'
Building C object CMakeFiles/cmTC_25e3a.dir/CheckSymbolExists.c.o
/usr/bin/cc   -fPIC    -o CMakeFiles/cmTC_25e3a.dir/CheckSymbolExists.c.o   -c /home/j11218gpu/ljy_projects/paper/cut/cmake-build-debug/CMakeFiles/CMakeTmp/CheckSymbolExists.c
Linking C executable cmTC_25e3a
/home/j11218gpu/Downloads/clion-2018.2.2/bin/cmake/linux/bin/cmake -E cmake_link_script CMakeFiles/cmTC_25e3a.dir/link.txt --verbose=1
/usr/bin/cc -fPIC     CMakeFiles/cmTC_25e3a.dir/CheckSymbolExists.c.o  -o cmTC_25e3a 
CMakeFiles/cmTC_25e3a.dir/CheckSymbolExists.c.o: In function `main':
CheckSymbolExists.c:(.text+0x1b): undefined reference to `pthread_create'
collect2: error: ld returned 1 exit status
CMakeFiles/cmTC_25e3a.dir/build.make:86: recipe for target 'cmTC_25e3a' failed
make[1]: *** [cmTC_25e3a] Error 1
make[1]: Leaving directory '/home/j11218gpu/ljy_projects/paper/cut/cmake-build-debug/CMakeFiles/CMakeTmp'
Makefile:121: recipe for target 'cmTC_25e3a/fast' failed
make: *** [cmTC_25e3a/fast] Error 2

File /home/j11218gpu/ljy_projects/paper/cut/cmake-build-debug/CMakeFiles/CMakeTmp/CheckSymbolExists.c:
/* */
#include <pthread.h>

int main(int argc, char** argv)
{
  (void)argv;
#ifndef pthread_create
  return ((int*)(&pthread_create))[argc];
#else
  (void)argc;
  return 0;
#endif
}

Determining if the function pthread_create exists in the pthreads failed with the following output:
Change Dir: /home/j11218gpu/ljy_projects/paper/cut/cmake-build-debug/CMakeFiles/CMakeTmp

Run Build Command:"/usr/bin/make" "cmTC_bc7d9/fast"
/usr/bin/make -f CMakeFiles/cmTC_bc7d9.dir/build.make CMakeFiles/cmTC_bc7d9.dir/build
make[1]: Entering directory '/home/j11218gpu/ljy_projects/paper/cut/cmake-build-debug/CMakeFiles/CMakeTmp'
Building C object CMakeFiles/cmTC_bc7d9.dir/CheckFunctionExists.c.o
/usr/bin/cc   -fPIC -DCHECK_FUNCTION_EXISTS=pthread_create   -o CMakeFiles/cmTC_bc7d9.dir/CheckFunctionExists.c.o   -c /home/j11218gpu/Downloads/clion-2018.2.2/bin/cmake/linux/share/cmake-3.12/Modules/CheckFunctionExists.c
Linking C executable cmTC_bc7d9
/home/j11218gpu/Downloads/clion-2018.2.2/bin/cmake/linux/bin/cmake -E cmake_link_script CMakeFiles/cmTC_bc7d9.dir/link.txt --verbose=1
/usr/bin/cc -fPIC -DCHECK_FUNCTION_EXISTS=pthread_create    CMakeFiles/cmTC_bc7d9.dir/CheckFunctionExists.c.o  -o cmTC_bc7d9 -lpthreads 
/usr/bin/ld: cannot find -lpthreads
collect2: error: ld returned 1 exit status
CMakeFiles/cmTC_bc7d9.dir/build.make:86: recipe for target 'cmTC_bc7d9' failed
make[1]: *** [cmTC_bc7d9] Error 1
make[1]: Leaving directory '/home/j11218gpu/ljy_projects/paper/cut/cmake-build-debug/CMakeFiles/CMakeTmp'
Makefile:121: recipe for target 'cmTC_bc7d9/fast' failed
make: *** [cmTC_bc7d9/fast] Error 2


